<?xml version="1.0" encoding="UTF-8"?>
<testsuite name="com.tata.storeapp.tests.TransactionTypeTest" tests="1" skipped="0" failures="0" errors="0" timestamp="2021-02-10T04:32:01" hostname="Vaibhav-AggarwalMacBook-Pro.local" time="0.045">
  <properties/>
  <testcase name="#1 - Test with Argument=" classname="com.tata.storeapp.tests.TransactionTypeTest" time="0.045"/>
  <system-out><![CDATA[arg => 
]]></system-out>
  <system-err><![CDATA[]]></system-err>
</testsuite>
